<?xml version="1.0" encoding="UTF-8"?>
<testng-results ignored="4" total="7" passed="3" failed="0" skipped="0">
  <reporter-output>
    <line>
      <![CDATA[Maximize the Browser and clearing all cookies]]>
    </line>
    <line>
      <![CDATA[Navigating to Contact]]>
    </line>
    <line>
      <![CDATA[Click Submit]]>
    </line>
    <line>
      <![CDATA[Verify the error messages ]]>
    </line>
    <line>
      <![CDATA[Verify the error messages have disappeared]]>
    </line>
    <line>
      <![CDATA[Navigating to Contact]]>
    </line>
    <line>
      <![CDATA[Enter valid data in all 5 fields]]>
    </line>
    <line>
      <![CDATA[Click submit]]>
    </line>
    <line>
      <![CDATA[Verify the success message]]>
    </line>
    <line>
      <![CDATA[Click on the ‘login’ link]]>
    </line>
    <line>
      <![CDATA[enter any username, and the password ]]>
    </line>
    <line>
      <![CDATA[Click login ]]>
    </line>
    <line>
      <![CDATA[Verify the name of the logged in user]]>
    </line>
    <line>
      <![CDATA[Closing the Browser]]>
    </line>
  </reporter-output>
  <suite started-at="2021-03-02T21:44:05 IST" name="Suite" finished-at="2021-03-02T21:44:30 IST" duration-ms="24878">
    <groups>
    </groups>
    <test started-at="2021-03-02T21:44:05 IST" name="Test" finished-at="2021-03-02T21:44:30 IST" duration-ms="24878">
      <class name="testCases.TC001">
        <test-method is-config="true" signature="launchbrowser()[pri:0, instance:testCases.TC001@32ee6fee]" started-at="2021-03-02T21:43:32 IST" name="launchbrowser" finished-at="2021-03-02T21:44:05 IST" duration-ms="33528" status="PASS">
          <reporter-output>
            <line>
              <![CDATA[Maximize the Browser and clearing all cookies]]>
            </line>
          </reporter-output>
        </test-method> <!-- launchbrowser -->
        <test-method signature="ScenarioOne(java.lang.String, java.lang.String, java.lang.String)[pri:0, instance:testCases.TC001@32ee6fee]" started-at="2021-03-02T21:44:06 IST" name="ScenarioOne" finished-at="2021-03-02T21:44:26 IST" duration-ms="20452" status="PASS">
          <params>
            <param index="0">
              <value>
                <![CDATA[Irshad]]>
              </value>
            </param>
            <param index="1">
              <value>
                <![CDATA[abc@gmail.com]]>
              </value>
            </param>
            <param index="2">
              <value>
                <![CDATA[Hello World!]]>
              </value>
            </param>
          </params>
          <reporter-output>
            <line>
              <![CDATA[Navigating to Contact]]>
            </line>
            <line>
              <![CDATA[Click Submit]]>
            </line>
            <line>
              <![CDATA[Verify the error messages ]]>
            </line>
            <line>
              <![CDATA[Verify the error messages have disappeared]]>
            </line>
          </reporter-output>
        </test-method> <!-- ScenarioOne -->
        <test-method is-config="true" signature="teardown()[pri:0, instance:testCases.TC001@32ee6fee]" started-at="2021-03-02T21:44:30 IST" name="teardown" finished-at="2021-03-02T21:44:34 IST" duration-ms="3154" status="PASS">
          <reporter-output>
            <line>
              <![CDATA[Closing the Browser]]>
            </line>
          </reporter-output>
        </test-method> <!-- teardown -->
      </class> <!-- testCases.TC001 -->
      <class name="testCases.TC003">
        <test-method signature="scenariothird()[pri:0, instance:testCases.TC003@7133da86]" started-at="2021-03-02T21:44:29 IST" name="scenariothird" finished-at="2021-03-02T21:44:30 IST" duration-ms="1394" status="PASS">
          <reporter-output>
            <line>
              <![CDATA[Click on the ‘login’ link]]>
            </line>
            <line>
              <![CDATA[enter any username, and the password ]]>
            </line>
            <line>
              <![CDATA[Click login ]]>
            </line>
            <line>
              <![CDATA[Verify the name of the logged in user]]>
            </line>
          </reporter-output>
        </test-method> <!-- scenariothird -->
      </class> <!-- testCases.TC003 -->
      <class name="testCases.TC002">
        <test-method signature="ScenarioTwo(java.lang.String, java.lang.String, java.lang.String, java.lang.String, java.lang.String)[pri:0, instance:testCases.TC002@4d0f2471]" started-at="2021-03-02T21:44:26 IST" name="ScenarioTwo" finished-at="2021-03-02T21:44:29 IST" duration-ms="2884" status="PASS">
          <params>
            <param index="0">
              <value>
                <![CDATA[Irshad]]>
              </value>
            </param>
            <param index="1">
              <value>
                <![CDATA[Mohamed]]>
              </value>
            </param>
            <param index="2">
              <value>
                <![CDATA[abc@gmail.com]]>
              </value>
            </param>
            <param index="3">
              <value>
                <![CDATA[9944556622]]>
              </value>
            </param>
            <param index="4">
              <value>
                <![CDATA[Hello World!]]>
              </value>
            </param>
          </params>
          <reporter-output>
            <line>
              <![CDATA[Navigating to Contact]]>
            </line>
            <line>
              <![CDATA[Enter valid data in all 5 fields]]>
            </line>
            <line>
              <![CDATA[Click submit]]>
            </line>
            <line>
              <![CDATA[Verify the success message]]>
            </line>
          </reporter-output>
        </test-method> <!-- ScenarioTwo -->
      </class> <!-- testCases.TC002 -->
    </test> <!-- Test -->
  </suite> <!-- Suite -->
</testng-results>
