<?xml version="1.0" encoding="UTF-8"?>
<!-- Generated by org.testng.reporters.JUnitXMLReporter -->
<testsuite ignored="4" hostname="THSLT10073" failures="0" tests="3" name="Test" time="24.878" errors="0" timestamp="2021-03-02T21:44:30 IST">
  <testcase classname="testCases.TC001" name="ScenarioOne" time="20.452"/>
  <testcase classname="testCases.TC002" name="ScenarioTwo" time="2.884"/>
  <testcase classname="testCases.TC003" name="scenariothird" time="1.394"/>
  <testcase classname="common.commonfunctions" name="@BeforeSuite launchbrowser" time="0.0">
    <ignored/>
  </testcase> <!-- @BeforeSuite launchbrowser -->
  <testcase classname="common.commonfunctions" name="@BeforeSuite launchbrowser" time="0.0">
    <ignored/>
  </testcase> <!-- @BeforeSuite launchbrowser -->
  <testcase classname="common.commonfunctions" name="@AfterSuite teardown" time="0.0">
    <ignored/>
  </testcase> <!-- @AfterSuite teardown -->
  <testcase classname="common.commonfunctions" name="@AfterSuite teardown" time="0.0">
    <ignored/>
  </testcase> <!-- @AfterSuite teardown -->
</testsuite> <!-- Test -->
